<?xml version="1.0" encoding="UTF-8"?>
<!-- Generated by org.testng.reporters.JUnitReportReporter -->
<testsuite skipped="0" hostname="LAPTOP-MA63P0T5" name="com.employeeapi.Driver.DriverClass" tests="1" failures="0" timestamp="2019-12-08T12:29:44 IST" time="0.016" errors="0">
  <testcase name="TestDriver" time="0.016" classname="com.employeeapi.Driver.DriverClass"/>
</testsuite> <!-- com.employeeapi.Driver.DriverClass -->
