<?xml version="1.0" encoding="UTF-8"?>
<!-- Generated by org.testng.reporters.JUnitReportReporter -->
<testsuite skipped="0" hostname="LAPTOP-MA63P0T5" name="com.employeeapi.TestCase.TestCase_Suite" tests="1" failures="0" timestamp="2019-12-08T20:45:54 IST" time="0.000" errors="0">
  <testcase name="TC001_GET_F1_Driver" time="0.000" classname="com.employeeapi.TestCase.TestCase_Suite"/>
</testsuite> <!-- com.employeeapi.TestCase.TestCase_Suite -->
