<?xml version="1.0" encoding="UTF-8"?>
<!-- Generated by org.testng.reporters.JUnitReportReporter -->
<testsuite skipped="0" hostname="LAPTOP-MA63P0T5" name="com.employeeapi.TestCase.TC002_GET_F1_Driver" tests="2" failures="0" timestamp="2019-12-09T21:54:53 IST" time="0.001" errors="0">
  <testcase name="bTest" time="0.001" classname="com.employeeapi.TestCase.TC002_GET_F1_Driver"/>
  <testcase name="aTest" time="0.000" classname="com.employeeapi.TestCase.TC002_GET_F1_Driver"/>
</testsuite> <!-- com.employeeapi.TestCase.TC002_GET_F1_Driver -->
