<?xml version="1.0" encoding="UTF-8"?>
<!-- Generated by org.testng.reporters.JUnitReportReporter -->
<testsuite skipped="0" hostname="LAPTOP-MA63P0T5" name="com.employeeapi.TestCase.TC001_GET_F1_Driver" tests="2" failures="0" timestamp="2019-12-10T09:20:18 IST" time="0.012" errors="0">
  <testcase name="aTest" time="0.008" classname="com.employeeapi.TestCase.TC001_GET_F1_Driver"/>
  <testcase name="bTest" time="0.004" classname="com.employeeapi.TestCase.TC001_GET_F1_Driver"/>
</testsuite> <!-- com.employeeapi.TestCase.TC001_GET_F1_Driver -->
